
[Log] Writing console output to: outputFile_CV/gs_68687466975805498.log

==================================================================
OmniGS-R (1.0): GENOMIC SELECTION PIPELINE USING R PACKAGES
==================================================================
Mode: CROSS-VALIDATION
Enabled models: [RR-BLUP, GBLUP, BRR, BL, BayesA, BayesB, BayesC, RFR, SVR, RKHS, RFC, SVC]
Feature (marker) view: SNP
Results directory: outputFile_CV


Check R libraries required in this pipeline...
✓ All required R libraries are available


Generated files:
  YLD -> /isilon/projects/J-002035_flaxgenomics/CZ_project/github_OmniGS_R/gitFile/example/outputFile_CV/pheno_data/YLD_normalized.tsv

[SNP] Performing GS for YLD
[All] Cleaned VCF : /isilon/projects/J-002035_flaxgenomics/CZ_project/github_OmniGS_R/gitFile/example/outputFile_CV/intermediate_data/train_genotype.aligned.sorted.vcf
[All] Cleaned Pheno: /isilon/projects/J-002035_flaxgenomics/CZ_project/github_OmniGS_R/gitFile/example/outputFile_CV/intermediate_data/YLD_normalized.aligned.sorted.tsv
[All] VCF samples in: 298
[All] Pheno samples in: 293
[All] Common samples : 293

[STEP]Score genotypes using 0, 1, 2 scheme for SNPs or haplotype markers (HAP)...
Converted vcf file: /isilon/projects/J-002035_flaxgenomics/CZ_project/github_OmniGS_R/gitFile/example/outputFile_CV/intermediate_data/train_genotype.aligned.sorted.vcf.GSCode.txt

[STEP]Perform imputation for SNP or HAP markers...
[CV] Imputed file: /isilon/projects/J-002035_flaxgenomics/CZ_project/github_OmniGS_R/gitFile/example/outputFile_CV/intermediate_data/train_genotype.aligned.sorted.vcf.GSCode.imputed.tsv
[CV] Markers = 2000
[CV] Samples = 293

Reading training phenotypic data...

[STEP]Transpose marker file for a GS format...
Transposed training marker file: /isilon/projects/J-002035_flaxgenomics/CZ_project/github_OmniGS_R/gitFile/example/outputFile_CV/intermediate_data/train_genotype.aligned.sorted.vcf.GSCode.imputed.samples_x_markers.tsv
Imputed marker file: /isilon/projects/J-002035_flaxgenomics/CZ_project/github_OmniGS_R/gitFile/example/outputFile_CV/intermediate_data/train_genotype.aligned.sorted.vcf.GSCode.imputed.samples_x_markers.tsv

[STEP]Performing five-fold cross validation...

=== Replicate [1/3] Fold [1/5] ===
[SNP] YLD [RR-BLUP]: R2 (model) = 0.975 PearsonR (test) = 0.8066
[SNP] YLD [GBLUP]: R2 (model) = 0.9601 PearsonR (test) = 0.8105
[SNP] YLD [BRR]: R2 (model) = 0.9599 PearsonR (test) = 0.8121
[SNP] YLD [BL]: R2 (model) = 0.9567 PearsonR (test) = 0.8111
[SNP] YLD [BayesA]: R2 (model) = 0.9592 PearsonR (test) = 0.8114
[SNP] YLD [BayesB]: R2 (model) = 0.9599 PearsonR (test) = 0.8065
[SNP] YLD [BayesC]: R2 (model) = 0.96 PearsonR (test) = 0.8093
[SNP] YLD [RFR]: R2 (model) = 0.9712 PearsonR (test) = 0.7965
[SNP] YLD [SVR]: R2 (model) = 0.9834 PearsonR (test) = 0.7963
[SNP] YLD [RKHS]: R2 (model) = 0.9745 PearsonR (test) = 0.8107
[SNP] YLD [RFC]: R2 (model) = 0.7401 PearsonR (test) = 0.8138
[SNP] YLD [SVC]: R2 (model) = 0.6932 PearsonR (test) = 0.7904

=== Replicate [1/3] Fold [2/5] ===
[SNP] YLD [RR-BLUP]: R2 (model) = 0.9393 PearsonR (test) = 0.8602
[SNP] YLD [GBLUP]: R2 (model) = 0.9314 PearsonR (test) = 0.854
[SNP] YLD [BRR]: R2 (model) = 0.9314 PearsonR (test) = 0.8539
[SNP] YLD [BL]: R2 (model) = 0.9256 PearsonR (test) = 0.8558
[SNP] YLD [BayesA]: R2 (model) = 0.9299 PearsonR (test) = 0.8554
[SNP] YLD [BayesB]: R2 (model) = 0.9303 PearsonR (test) = 0.8559
[SNP] YLD [BayesC]: R2 (model) = 0.9305 PearsonR (test) = 0.8549
[SNP] YLD [RFR]: R2 (model) = 0.9686 PearsonR (test) = 0.8535
[SNP] YLD [SVR]: R2 (model) = 0.9703 PearsonR (test) = 0.845
[SNP] YLD [RKHS]: R2 (model) = 0.9515 PearsonR (test) = 0.8447
[SNP] YLD [RFC]: R2 (model) = 0.7341 PearsonR (test) = 0.748
[SNP] YLD [SVC]: R2 (model) = 0.675 PearsonR (test) = 0.7222

=== Replicate [1/3] Fold [3/5] ===
[SNP] YLD [RR-BLUP]: R2 (model) = 0.9424 PearsonR (test) = 0.8292
[SNP] YLD [GBLUP]: R2 (model) = 0.933 PearsonR (test) = 0.8283
[SNP] YLD [BRR]: R2 (model) = 0.9325 PearsonR (test) = 0.8283
[SNP] YLD [BL]: R2 (model) = 0.9277 PearsonR (test) = 0.8258
[SNP] YLD [BayesA]: R2 (model) = 0.9304 PearsonR (test) = 0.8288
[SNP] YLD [BayesB]: R2 (model) = 0.9331 PearsonR (test) = 0.8234
[SNP] YLD [BayesC]: R2 (model) = 0.9313 PearsonR (test) = 0.8263
[SNP] YLD [RFR]: R2 (model) = 0.9685 PearsonR (test) = 0.7892
[SNP] YLD [SVR]: R2 (model) = 0.9689 PearsonR (test) = 0.8252
[SNP] YLD [RKHS]: R2 (model) = 0.9553 PearsonR (test) = 0.8141
[SNP] YLD [RFC]: R2 (model) = 0.7206 PearsonR (test) = 0.8007
[SNP] YLD [SVC]: R2 (model) = 0.6762 PearsonR (test) = 0.8079

=== Replicate [1/3] Fold [4/5] ===
[SNP] YLD [RR-BLUP]: R2 (model) = 0.9616 PearsonR (test) = 0.7875
[SNP] YLD [GBLUP]: R2 (model) = 0.9518 PearsonR (test) = 0.783
[SNP] YLD [BRR]: R2 (model) = 0.9519 PearsonR (test) = 0.7839
[SNP] YLD [BL]: R2 (model) = 0.9481 PearsonR (test) = 0.785
[SNP] YLD [BayesA]: R2 (model) = 0.9506 PearsonR (test) = 0.7837
[SNP] YLD [BayesB]: R2 (model) = 0.9508 PearsonR (test) = 0.7863
[SNP] YLD [BayesC]: R2 (model) = 0.9519 PearsonR (test) = 0.7821
[SNP] YLD [RFR]: R2 (model) = 0.9712 PearsonR (test) = 0.7872
[SNP] YLD [SVR]: R2 (model) = 0.9795 PearsonR (test) = 0.7754
[SNP] YLD [RKHS]: R2 (model) = 0.9663 PearsonR (test) = 0.7803
[SNP] YLD [RFC]: R2 (model) = 0.7249 PearsonR (test) = 0.7019
[SNP] YLD [SVC]: R2 (model) = 0.6753 PearsonR (test) = 0.6871

=== Replicate [1/3] Fold [5/5] ===
[SNP] YLD [RR-BLUP]: R2 (model) = 0.9472 PearsonR (test) = 0.8408
[SNP] YLD [GBLUP]: R2 (model) = 0.9374 PearsonR (test) = 0.8414
[SNP] YLD [BRR]: R2 (model) = 0.937 PearsonR (test) = 0.8412
[SNP] YLD [BL]: R2 (model) = 0.9352 PearsonR (test) = 0.8383
[SNP] YLD [BayesA]: R2 (model) = 0.9346 PearsonR (test) = 0.8408
[SNP] YLD [BayesB]: R2 (model) = 0.9382 PearsonR (test) = 0.8362
[SNP] YLD [BayesC]: R2 (model) = 0.9382 PearsonR (test) = 0.84
[SNP] YLD [RFR]: R2 (model) = 0.9675 PearsonR (test) = 0.822
[SNP] YLD [SVR]: R2 (model) = 0.975 PearsonR (test) = 0.8367
[SNP] YLD [RKHS]: R2 (model) = 0.9551 PearsonR (test) = 0.8342
[SNP] YLD [RFC]: R2 (model) = 0.7364 PearsonR (test) = 0.7336
[SNP] YLD [SVC]: R2 (model) = 0.6842 PearsonR (test) = 0.6792

=== Replicate [2/3] Fold [1/5] ===
[SNP] YLD [RR-BLUP]: R2 (model) = 0.9522 PearsonR (test) = 0.7779
[SNP] YLD [GBLUP]: R2 (model) = 0.9442 PearsonR (test) = 0.7725
[SNP] YLD [BRR]: R2 (model) = 0.9444 PearsonR (test) = 0.7712
[SNP] YLD [BL]: R2 (model) = 0.9395 PearsonR (test) = 0.7717
[SNP] YLD [BayesA]: R2 (model) = 0.943 PearsonR (test) = 0.7712
[SNP] YLD [BayesB]: R2 (model) = 0.943 PearsonR (test) = 0.773
[SNP] YLD [BayesC]: R2 (model) = 0.944 PearsonR (test) = 0.7726
[SNP] YLD [RFR]: R2 (model) = 0.9708 PearsonR (test) = 0.7789
[SNP] YLD [SVR]: R2 (model) = 0.9761 PearsonR (test) = 0.7779
[SNP] YLD [RKHS]: R2 (model) = 0.9623 PearsonR (test) = 0.771
[SNP] YLD [RFC]: R2 (model) = 0.7379 PearsonR (test) = 0.7156
[SNP] YLD [SVC]: R2 (model) = 0.6819 PearsonR (test) = 0.6557

=== Replicate [2/3] Fold [2/5] ===
[SNP] YLD [RR-BLUP]: R2 (model) = 0.9603 PearsonR (test) = 0.8238
[SNP] YLD [GBLUP]: R2 (model) = 0.9474 PearsonR (test) = 0.8261
[SNP] YLD [BRR]: R2 (model) = 0.9472 PearsonR (test) = 0.8253
[SNP] YLD [BL]: R2 (model) = 0.9415 PearsonR (test) = 0.8258
[SNP] YLD [BayesA]: R2 (model) = 0.9461 PearsonR (test) = 0.8244
[SNP] YLD [BayesB]: R2 (model) = 0.9464 PearsonR (test) = 0.8288
[SNP] YLD [BayesC]: R2 (model) = 0.9469 PearsonR (test) = 0.8226
[SNP] YLD [RFR]: R2 (model) = 0.9699 PearsonR (test) = 0.8094
[SNP] YLD [SVR]: R2 (model) = 0.9822 PearsonR (test) = 0.8072
[SNP] YLD [RKHS]: R2 (model) = 0.9674 PearsonR (test) = 0.8257
[SNP] YLD [RFC]: R2 (model) = 0.7397 PearsonR (test) = 0.7405
[SNP] YLD [SVC]: R2 (model) = 0.6945 PearsonR (test) = 0.6507

=== Replicate [2/3] Fold [3/5] ===
[SNP] YLD [RR-BLUP]: R2 (model) = 0.9504 PearsonR (test) = 0.8863
[SNP] YLD [GBLUP]: R2 (model) = 0.9383 PearsonR (test) = 0.8873
[SNP] YLD [BRR]: R2 (model) = 0.9384 PearsonR (test) = 0.8881
[SNP] YLD [BL]: R2 (model) = 0.9318 PearsonR (test) = 0.8884
[SNP] YLD [BayesA]: R2 (model) = 0.9368 PearsonR (test) = 0.8878
[SNP] YLD [BayesB]: R2 (model) = 0.9364 PearsonR (test) = 0.8885
[SNP] YLD [BayesC]: R2 (model) = 0.9381 PearsonR (test) = 0.8876
[SNP] YLD [RFR]: R2 (model) = 0.9694 PearsonR (test) = 0.8816
[SNP] YLD [SVR]: R2 (model) = 0.9764 PearsonR (test) = 0.8608
[SNP] YLD [RKHS]: R2 (model) = 0.9604 PearsonR (test) = 0.8849
[SNP] YLD [RFC]: R2 (model) = 0.728 PearsonR (test) = 0.8281
[SNP] YLD [SVC]: R2 (model) = 0.6776 PearsonR (test) = 0.7723

=== Replicate [2/3] Fold [4/5] ===
[SNP] YLD [RR-BLUP]: R2 (model) = 0.9487 PearsonR (test) = 0.8339
[SNP] YLD [GBLUP]: R2 (model) = 0.9397 PearsonR (test) = 0.8267
[SNP] YLD [BRR]: R2 (model) = 0.9393 PearsonR (test) = 0.8268
[SNP] YLD [BL]: R2 (model) = 0.9342 PearsonR (test) = 0.8279
[SNP] YLD [BayesA]: R2 (model) = 0.938 PearsonR (test) = 0.8277
[SNP] YLD [BayesB]: R2 (model) = 0.9387 PearsonR (test) = 0.8282
[SNP] YLD [BayesC]: R2 (model) = 0.9393 PearsonR (test) = 0.8275
[SNP] YLD [RFR]: R2 (model) = 0.9696 PearsonR (test) = 0.8153
[SNP] YLD [SVR]: R2 (model) = 0.9731 PearsonR (test) = 0.813
[SNP] YLD [RKHS]: R2 (model) = 0.9598 PearsonR (test) = 0.8329
[SNP] YLD [RFC]: R2 (model) = 0.7485 PearsonR (test) = 0.773
[SNP] YLD [SVC]: R2 (model) = 0.6967 PearsonR (test) = 0.7291

=== Replicate [2/3] Fold [5/5] ===
[SNP] YLD [RR-BLUP]: R2 (model) = 0.9395 PearsonR (test) = 0.8332
[SNP] YLD [GBLUP]: R2 (model) = 0.9312 PearsonR (test) = 0.8309
[SNP] YLD [BRR]: R2 (model) = 0.9301 PearsonR (test) = 0.8295
[SNP] YLD [BL]: R2 (model) = 0.9297 PearsonR (test) = 0.8319
[SNP] YLD [BayesA]: R2 (model) = 0.9274 PearsonR (test) = 0.8324
[SNP] YLD [BayesB]: R2 (model) = 0.9288 PearsonR (test) = 0.8324
[SNP] YLD [BayesC]: R2 (model) = 0.9309 PearsonR (test) = 0.8312
[SNP] YLD [RFR]: R2 (model) = 0.9685 PearsonR (test) = 0.8298
[SNP] YLD [SVR]: R2 (model) = 0.9706 PearsonR (test) = 0.8132
[SNP] YLD [RKHS]: R2 (model) = 0.9534 PearsonR (test) = 0.8311
[SNP] YLD [RFC]: R2 (model) = 0.7251 PearsonR (test) = 0.7887
[SNP] YLD [SVC]: R2 (model) = 0.674 PearsonR (test) = 0.7367

=== Replicate [3/3] Fold [1/5] ===
[SNP] YLD [RR-BLUP]: R2 (model) = 0.9756 PearsonR (test) = 0.7998
[SNP] YLD [GBLUP]: R2 (model) = 0.957 PearsonR (test) = 0.8102
[SNP] YLD [BRR]: R2 (model) = 0.9569 PearsonR (test) = 0.8098
[SNP] YLD [BL]: R2 (model) = 0.9523 PearsonR (test) = 0.813
[SNP] YLD [BayesA]: R2 (model) = 0.9558 PearsonR (test) = 0.8106
[SNP] YLD [BayesB]: R2 (model) = 0.9559 PearsonR (test) = 0.8159
[SNP] YLD [BayesC]: R2 (model) = 0.9571 PearsonR (test) = 0.8103
[SNP] YLD [RFR]: R2 (model) = 0.9702 PearsonR (test) = 0.8535
[SNP] YLD [SVR]: R2 (model) = 0.9865 PearsonR (test) = 0.778
[SNP] YLD [RKHS]: R2 (model) = 0.9747 PearsonR (test) = 0.8185
[SNP] YLD [RFC]: R2 (model) = 0.7321 PearsonR (test) = 0.7892
[SNP] YLD [SVC]: R2 (model) = 0.6846 PearsonR (test) = 0.6808

=== Replicate [3/3] Fold [2/5] ===
[SNP] YLD [RR-BLUP]: R2 (model) = 0.945 PearsonR (test) = 0.8527
[SNP] YLD [GBLUP]: R2 (model) = 0.935 PearsonR (test) = 0.8515
[SNP] YLD [BRR]: R2 (model) = 0.9352 PearsonR (test) = 0.8507
[SNP] YLD [BL]: R2 (model) = 0.9303 PearsonR (test) = 0.8517
[SNP] YLD [BayesA]: R2 (model) = 0.9333 PearsonR (test) = 0.8526
[SNP] YLD [BayesB]: R2 (model) = 0.935 PearsonR (test) = 0.8449
[SNP] YLD [BayesC]: R2 (model) = 0.9346 PearsonR (test) = 0.8509
[SNP] YLD [RFR]: R2 (model) = 0.9715 PearsonR (test) = 0.808
[SNP] YLD [SVR]: R2 (model) = 0.9726 PearsonR (test) = 0.8196
[SNP] YLD [RKHS]: R2 (model) = 0.9588 PearsonR (test) = 0.8501
[SNP] YLD [RFC]: R2 (model) = 0.7201 PearsonR (test) = 0.7912
[SNP] YLD [SVC]: R2 (model) = 0.6565 PearsonR (test) = 0.7373

=== Replicate [3/3] Fold [3/5] ===
[SNP] YLD [RR-BLUP]: R2 (model) = 0.9321 PearsonR (test) = 0.8914
[SNP] YLD [GBLUP]: R2 (model) = 0.9246 PearsonR (test) = 0.8886
[SNP] YLD [BRR]: R2 (model) = 0.9248 PearsonR (test) = 0.8893
[SNP] YLD [BL]: R2 (model) = 0.9179 PearsonR (test) = 0.8871
[SNP] YLD [BayesA]: R2 (model) = 0.9218 PearsonR (test) = 0.8881
[SNP] YLD [BayesB]: R2 (model) = 0.923 PearsonR (test) = 0.8877
[SNP] YLD [BayesC]: R2 (model) = 0.924 PearsonR (test) = 0.8886
[SNP] YLD [RFR]: R2 (model) = 0.9662 PearsonR (test) = 0.8577
[SNP] YLD [SVR]: R2 (model) = 0.9686 PearsonR (test) = 0.8838
[SNP] YLD [RKHS]: R2 (model) = 0.9489 PearsonR (test) = 0.8681
[SNP] YLD [RFC]: R2 (model) = 0.7146 PearsonR (test) = 0.7573
[SNP] YLD [SVC]: R2 (model) = 0.6725 PearsonR (test) = 0.7818

=== Replicate [3/3] Fold [4/5] ===
[SNP] YLD [RR-BLUP]: R2 (model) = 0.9402 PearsonR (test) = 0.8719
[SNP] YLD [GBLUP]: R2 (model) = 0.9317 PearsonR (test) = 0.8674
[SNP] YLD [BRR]: R2 (model) = 0.932 PearsonR (test) = 0.8662
[SNP] YLD [BL]: R2 (model) = 0.9261 PearsonR (test) = 0.8668
[SNP] YLD [BayesA]: R2 (model) = 0.9305 PearsonR (test) = 0.8662
[SNP] YLD [BayesB]: R2 (model) = 0.931 PearsonR (test) = 0.8685
[SNP] YLD [BayesC]: R2 (model) = 0.9313 PearsonR (test) = 0.8667
[SNP] YLD [RFR]: R2 (model) = 0.9687 PearsonR (test) = 0.8832
[SNP] YLD [SVR]: R2 (model) = 0.9719 PearsonR (test) = 0.8486
[SNP] YLD [RKHS]: R2 (model) = 0.9524 PearsonR (test) = 0.8749
[SNP] YLD [RFC]: R2 (model) = 0.712 PearsonR (test) = 0.8343
[SNP] YLD [SVC]: R2 (model) = 0.6616 PearsonR (test) = 0.7866

=== Replicate [3/3] Fold [5/5] ===
[SNP] YLD [RR-BLUP]: R2 (model) = 0.9372 PearsonR (test) = 0.8769
[SNP] YLD [GBLUP]: R2 (model) = 0.9285 PearsonR (test) = 0.8761
[SNP] YLD [BRR]: R2 (model) = 0.9284 PearsonR (test) = 0.8751
[SNP] YLD [BL]: R2 (model) = 0.9261 PearsonR (test) = 0.8759
[SNP] YLD [BayesA]: R2 (model) = 0.9258 PearsonR (test) = 0.8746
[SNP] YLD [BayesB]: R2 (model) = 0.9269 PearsonR (test) = 0.8749
[SNP] YLD [BayesC]: R2 (model) = 0.9294 PearsonR (test) = 0.8741
[SNP] YLD [RFR]: R2 (model) = 0.9673 PearsonR (test) = 0.8598
[SNP] YLD [SVR]: R2 (model) = 0.9675 PearsonR (test) = 0.8572
[SNP] YLD [RKHS]: R2 (model) = 0.9516 PearsonR (test) = 0.8808
[SNP] YLD [RFC]: R2 (model) = 0.7207 PearsonR (test) = 0.8371
[SNP] YLD [SVC]: R2 (model) = 0.6616 PearsonR (test) = 0.7966

Post analysis of GS results...

=== FINAL RESULTS ===

YLD:
RR-BLUP: PearsonR = 0.838 ± 0.035
GBLUP: PearsonR = 0.837 ± 0.035
BRR: PearsonR = 0.837 ± 0.035
BL: PearsonR = 0.837 ± 0.035
BayesA: PearsonR = 0.837 ± 0.035
BayesB: PearsonR = 0.837 ± 0.034
BayesC: PearsonR = 0.836 ± 0.035
RFR: PearsonR = 0.828 ± 0.034
SVR: PearsonR = 0.823 ± 0.033
RKHS: PearsonR = 0.835 ± 0.034
RFC: PearsonR = 0.777 ± 0.043
SVC: PearsonR = 0.734 ± 0.054

CV summary statics saved to: /isilon/projects/J-002035_flaxgenomics/CZ_project/github_OmniGS_R/gitFile/example/outputFile_CV/CV_summary_statistics.csv

Pipeline finished. Elapsed: 41.65 mins
